"../../../Engine/Content/Animation/DefaultAnimCurveCompressionSettings.uasset" 0
"../../../Engine/Content/Functions/Engine_MaterialFunctions01/Opacity/CameraDepthFade.uasset" 1
"../../../Engine/Content/EngineMaterials/T_Default_Material_Grid_M.uasset" 2
"../../../Engine/Content/EngineMaterials/T_Default_Material_Grid_N.uasset" 3
"../../../Engine/Content/EngineMaterials/WorldGridMaterial.uasset" 4
"../../../Engine/Content/ArtTools/RenderToTexture/Meshes/S_1_Unit_Plane.uasset" 5
"../../../Engine/Content/EngineMaterials/DefaultMaterial.uasset" 6
"../../../Engine/Content/BasicShapes/Cone.uasset" 7
"../../../Engine/Content/BasicShapes/Cylinder.uasset" 8
"../../../Engine/Content/BasicShapes/Plane.uasset" 9
"../../../Engine/Content/BasicShapes/Sphere.uasset" 10
"../../../Engine/Content/EditorLandscapeResources/DataLayer.uasset" 11
"../../../Engine/Content/EditorMaterials/MAT_Groups_Toggle.uasset" 12
"../../../Engine/Content/EditorMaterials/MAT_Groups_Visibility.uasset" 13
"../../../Engine/Content/EditorMaterials/PreviewShadowIndicator.uasset" 14
"../../../Engine/Content/EditorMaterials/PreviewShadowIndicatorMaterial.uasset" 15
"../../../Engine/Content/EditorMaterials/MatineeGroups/MAT_ColorTrack.uasset" 16
"../../../Engine/Content/EditorMaterials/MatineeGroups/MAT_Groups_Anim.uasset" 17
"../../../Engine/Content/EditorMaterials/MatineeGroups/MAT_Groups_AudioMaster.uasset" 18
"../../../Engine/Content/EditorMaterials/MatineeGroups/MAT_Groups_Director.uasset" 19
"../../../Engine/Content/EditorMaterials/MatineeGroups/MAT_Groups_Event.uasset" 20
"../../../Engine/Content/EditorMaterials/MatineeGroups/MAT_Groups_Fade.uasset" 21
"../../../Engine/Content/EditorMaterials/MatineeGroups/MAT_Groups_Float.uasset" 22
"../../../Engine/Content/EditorMaterials/MatineeGroups/MAT_Groups_Move.uasset" 23
"../../../Engine/Content/EditorMaterials/MatineeGroups/MAT_Groups_Slomo.uasset" 24
"../../../Engine/Content/EditorMaterials/MatineeGroups/MAT_Groups_Sound.uasset" 25
"../../../Engine/Content/EditorMaterials/MatineeGroups/MAT_Groups_Vector.uasset" 26
"../../../Engine/Content/EditorMaterials/ParticleSystems/PSysThumbnail_NoImage.uasset" 27
"../../../Engine/Content/EditorMaterials/ParticleSystems/PSysThumbnail_OOD.uasset" 28
"../../../Engine/Content/EditorMaterials/Camera/CineMat.uasset" 29
"../../../Engine/Content/EditorMaterials/Camera/MI_CineMat_Rig.uasset" 30
"../../../Engine/Content/EditorMeshes/Camera/SM_CraneRig_Arm.uasset" 31
"../../../Engine/Content/EditorMeshes/Camera/SM_CraneRig_Base.uasset" 32
"../../../Engine/Content/EditorMeshes/Camera/SM_CraneRig_Body.uasset" 33
"../../../Engine/Content/EditorMeshes/Camera/SM_CraneRig_Mount.uasset" 34
"../../../Engine/Content/EditorMeshes/Camera/SM_RailRig_Mount.uasset" 35
"../../../Engine/Content/EditorMeshes/Camera/SM_RailRig_Track.uasset" 36
"../../../Engine/Content/EditorResources/BSPVertex.uasset" 37
"../../../Engine/Content/EditorResources/S_Actor.uasset" 38
"../../../Engine/Content/EditorResources/S_Note.uasset" 39
"../../../Engine/Content/EditorResources/S_Solver.uasset" 40
"../../../Engine/Content/EditorResources/S_Trigger.uasset" 41
"../../../Engine/Content/EditorResources/SequenceRecorder/Countdown.uasset" 42
"../../../Engine/Content/EditorResources/SequenceRecorder/RecordingIndicator.uasset" 43
"../../../Engine/Content/EditorSounds/Notifications/CompileFailed.uasset" 44
"../../../Engine/Content/EditorSounds/Notifications/CompileFailed_Cue.uasset" 45
"../../../Engine/Content/EditorSounds/Notifications/CompileSuccess.uasset" 46
"../../../Engine/Content/EditorSounds/Notifications/CompileStart_Cue.uasset" 47
"../../../Engine/Content/EditorSounds/Notifications/CompileSuccess_Cue.uasset" 48
"../../../Engine/Content/EngineDamageTypes/DmgTypeBP_Environmental.uasset" 49
"../../../Engine/Content/EngineDebugMaterials/DebugEditorMaterial.uasset" 50
"../../../Engine/Content/EngineDebugMaterials/DebugMeshMaterial.uasset" 51
"../../../Engine/Content/EngineDebugMaterials/M_SimpleUnlitTranslucent.uasset" 52
"../../../Engine/Content/Functions/Engine_MaterialFunctions02/Utility/CameraDirectionVector.uasset" 53
"../../../Engine/Content/EngineDebugMaterials/VolumeToRender.uasset" 54
"../../../Engine/Content/EngineDebugMaterials/M_VolumeRenderSphereTracePP.uasset" 55
"../../../Engine/Content/EngineDebugMaterials/WireframeMaterial.uasset" 56
"../../../Engine/Content/EngineFonts/Faces/DroidSansFallback.uasset" 57
"../../../Engine/Content/EngineFonts/Faces/RobotoBold.uasset" 58
"../../../Engine/Content/EngineFonts/Faces/RobotoBoldItalic.uasset" 59
"../../../Engine/Content/EngineFonts/Faces/RobotoItalic.uasset" 60
"../../../Engine/Content/EngineFonts/Faces/RobotoLight.uasset" 61
"../../../Engine/Content/EngineFonts/Faces/RobotoRegular.uasset" 62
"../../../Engine/Content/EngineFonts/Roboto.uasset" 63
"../../../Engine/Content/EngineMaterials/BaseFlattenDiffuseMap.uasset" 64
"../../../Engine/Content/EngineMaterials/BaseFlattenEmissiveMap.uasset" 65
"../../../Engine/Content/EngineMaterials/BaseFlattenGrayscaleMap.uasset" 66
"../../../Engine/Content/EngineMaterials/BaseFlattenNormalMap.uasset" 67
"../../../Engine/Content/EngineMaterials/BaseFlattenMaterial.uasset" 68
"../../../Engine/Content/EngineMaterials/BlueNoise.uasset" 69
"../../../Engine/Content/EngineMaterials/DefaultBloomKernel.uasset" 70
"../../../Engine/Content/EngineMaterials/DefaultBokeh.uasset" 71
"../../../Engine/Content/EngineMaterials/DefaultDiffuse.uasset" 72
"../../../Engine/Content/EngineMaterials/DefaultDeferredDecalMaterial.uasset" 73
"../../../Engine/Content/EngineMaterials/DefaultLightFunctionMaterial.uasset" 74
"../../../Engine/Content/Functions/Engine_MaterialFunctions02/Utility/BreakOutFloat2Components.uasset" 75
"../../../Engine/Content/EngineMaterials/DefaultPostProcessMaterial.uasset" 76
"../../../Engine/Content/EngineFonts/RobotoDistanceField.uasset" 77
"../../../Engine/Content/EngineMaterials/DefaultTextMaterialOpaque.uasset" 78
"../../../Engine/Content/EngineMaterials/DefaultWhiteGrid.uasset" 79
"../../../Engine/Content/EngineMaterials/DefaultWhiteGrid_Low.uasset" 80
"../../../Engine/Content/EngineMaterials/EmissiveMeshMaterial.uasset" 81
"../../../Engine/Content/EngineMaterials/GizmoMaterial.uasset" 82
"../../../Engine/Content/EngineMaterials/MiniFont.uasset" 83
"../../../Engine/Content/EngineMaterials/InvalidLightmapSettings.uasset" 84
"../../../Engine/Content/EngineMaterials/M_InvalidLightmapSettings.uasset" 85
"../../../Engine/Content/Functions/Engine_MaterialFunctions02/WorldPositionOffset/CameraOffset.uasset" 86
"../../../Engine/Content/EngineMaterials/PhAT_JointLimitMaterial.uasset" 87
"../../../Engine/Content/EngineMaterials/PreintegratedSkinBRDF.uasset" 88
"../../../Engine/Content/EngineMaterials/RemoveSurfaceMaterial.uasset" 89
"../../../Engine/Content/EngineResources/WhiteSquareTexture.uasset" 90
"../../../Engine/Content/EngineMaterials/Widget3DPassThrough.uasset" 91
"../../../Engine/Content/EngineMaterials/Widget3DPassThrough_Masked.uasset" 92
"../../../Engine/Content/EngineMaterials/Widget3DPassThrough_Opaque.uasset" 93
"../../../Engine/Content/EngineMaterials/Widget3DPassThrough_Masked_OneSided.uasset" 94
"../../../Engine/Content/EngineMaterials/Widget3DPassThrough_Opaque_OneSided.uasset" 95
"../../../Engine/Content/EngineMaterials/Widget3DPassThrough_Translucent.uasset" 96
"../../../Engine/Content/EngineMaterials/Widget3DPassThrough_Translucent_OneSided.uasset" 97
"../../../Engine/Content/EngineMeshes/Cylinder.uasset" 98
"../../../Engine/Content/EngineMeshes/Sphere.uasset" 99
"../../../Engine/Content/EngineResources/Black.uasset" 100
"../../../Engine/Content/EngineResources/DefaultTexture.uasset" 101
"../../../Engine/Content/EngineResources/DefaultTextureCube.uasset" 102
"../../../Engine/Content/EngineResources/DefaultVolumeTexture2D.uasset" 103
"../../../Engine/Content/EngineResources/DefaultVolumeTexture.uasset" 104
"../../../Engine/Content/EngineResources/GradientTexture0.uasset" 105
"../../../Engine/Content/EngineSounds/Master.uasset" 106
"../../../Engine/Content/Functions/Engine_MaterialFunctions01/Shading/ConvertFromDiffSpec.uasset" 107
"../../../Engine/Content/Functions/Engine_MaterialFunctions01/Shading/PowerToRoughness.uasset" 108
"../../../Engine/Content/Maps/Templates/Thumbnails/Default.uasset" 109
"../../../Engine/Content/Maps/Templates/Thumbnails/TimeOfDay.uasset" 110
"../../../Engine/Content/Maps/Templates/Thumbnails/VR-Basic.uasset" 111
"../../../Engine/Content/MobileResources/T_MobileControls_texture.uasset" 112
"../../../Engine/Content/MobileResources/T_MobileMenu2.uasset" 113
"../../../Engine/Content/MobileResources/HUD/AnalogHat.uasset" 114
"../../../Engine/Content/MobileResources/HUD/VirtualJoystick_Background.uasset" 115
"../../../Engine/Content/MobileResources/HUD/VirtualJoystick_Thumb.uasset" 116
"../../../Engine/Content/MobileResources/HUD/DefaultVirtualJoysticks.uasset" 117
"../../../Engine/Content/MobileResources/HUD/LeftVirtualJoystickOnly.uasset" 118
"../../../Engine/Content/MobileResources/HUD/MobileHUDButton1_off.uasset" 119
"../../../Engine/Content/MobileResources/HUD/MobileHUDButton1_on.uasset" 120
"../../../Engine/Content/MobileResources/HUD/MobileHUDButton2_off.uasset" 121
"../../../Engine/Content/MobileResources/HUD/MobileHUDButton2_on.uasset" 122
"../../../Engine/Content/MobileResources/HUD/MobileHUDButton3.uasset" 123
"../../../Engine/Content/MobileResources/HUD/MobileHUDButtonFire.uasset" 124
"../../../Engine/Content/MobileResources/HUD/MobileHUDDirectionPad.uasset" 125
"../../../Engine/Content/MobileResources/HUD/MobileHUDDirectionPad2.uasset" 126
"../../../Engine/Content/MobileResources/HUD/MobileHUDDirectionPad3.uasset" 127
"../../../Engine/Content/MobileResources/HUD/MobileHUDDirectionStick.uasset" 128
"../../../Engine/Content/MobileResources/HUD/T_Castle_ThumbstickInner.uasset" 129
"../../../Engine/Content/MobileResources/HUD/T_Castle_ThumbstickOutter.uasset" 130
"../../../Engine/Content/Tutorial/ContentIntroCurve.uasset" 131
"../../../Engine/Content/Tutorial/Basics/LevelEditorAttract.uasset" 132
"../../../Engine/Content/Tutorial/Basics/TutorialAssets/icon_tab_Levels_40x.uasset" 133
"../../../Engine/Content/Tutorial/Basics/LevelEditorOverview.uasset" 134
"../../../Engine/Content/VREditor/LaserPointer/VR_LaserPower_01.uasset" 135
"../../../Engine/Content/VREditor/TransformGizmo/TransformGizmoMaterial.uasset" 136
"../../../Engine/Content/VREditor/TransformGizmo/TranslucentTransformGizmoMaterial.uasset" 137
"../../../Engine/Content/VREditor/TransformGizmo/BoundingBoxCorner.uasset" 138
"../../../Engine/Content/VREditor/TransformGizmo/BoundingBoxEdge.uasset" 139
"../../../Engine/Content/VREditor/TransformGizmo/PlaneTranslationHandle.uasset" 140
"../../../Engine/Content/VREditor/TransformGizmo/Main.uasset" 141
"../../../Engine/Content/VREditor/TransformGizmo/Xray.uasset" 142
"../../../Engine/Content/VREditor/TransformGizmo/SM_Sequencer_Key.uasset" 143
"../../../Engine/Content/VREditor/TransformGizmo/SM_Sequencer_Node.uasset" 144
"../../Plugins/2D/Paper2D/Content/PlaceholderTextures/DummySpriteTexture.uasset" 145
"../../Plugins/2D/Paper2D/Content/DummySprite.uasset" 146
"../../Plugins/2D/Paper2D/Content/DefaultPaperTerrainMaterial.uasset" 147
"../../Plugins/2D/Paper2D/Content/DefaultSpriteMaterial.uasset" 148
"../../Plugins/2D/Paper2D/Content/MaskedUnlitSpriteMaterial.uasset" 149
"../../Plugins/2D/Paper2D/Content/OpaqueUnlitSpriteMaterial.uasset" 150
"../../Plugins/FX/Niagara/Content/Enums/ENiagaraBooleanLogicOps.uasset" 151
"../../Plugins/FX/Niagara/Content/Enums/ENiagaraCoordinateSpace.uasset" 152
"../../Plugins/FX/Niagara/Content/Enums/ENiagaraExpansionMode.uasset" 153
"../../Plugins/FX/Niagara/Content/Enums/ENiagaraOrientationAxis.uasset" 154
"../../Plugins/FX/Niagara/Content/Enums/ENiagaraRandomnessMode.uasset" 155
"../../../Engine/Content/Functions/Engine_MaterialFunctions02/Utility/BreakOutFloat4Components.uasset" 156
"../../../Engine/Content/Functions/Engine_MaterialFunctions02/Utility/MakeFloat2.uasset" 157
"../../../Engine/Content/Functions/Engine_MaterialFunctions02/Utility/MakeFloat3.uasset" 158
"../../Plugins/Runtime/Oculus/OculusVR/Content/Materials/OculusMR_ChromaKey.uasset" 159
"../../Plugins/Runtime/Oculus/OculusVR/Content/Materials/OculusMR_ChromaKey_Lit.uasset" 160
"../../Plugins/Runtime/Oculus/OculusVR/Content/Materials/OculusMR_OpaqueColoredMaterial.uasset" 161
"../../Plugins/Runtime/Oculus/OculusVR/Content/Materials/OculusMR_WhiteMaterial.uasset" 162
"../../../Engine/Content/EditorBlueprintResources/StandardMacros.uasset" 163
"../../../Engine/Content/EngineSky/C_Sky_Cloud_Color.uasset" 164
"../../../Engine/Content/EngineSky/C_Sky_Horizon_Color.uasset" 165
"../../../Engine/Content/EngineSky/C_Sky_Zenith_Color.uasset" 166
"../../../Engine/Content/EngineSky/T_Sky_Blue.uasset" 167
"../../../Engine/Content/EngineSky/T_Sky_Clouds_M.uasset" 168
"../../../Engine/Content/EngineSky/T_Sky_Stars.uasset" 169
"../../../Engine/Content/EngineSky/M_Sky_Panning_Clouds2.uasset" 170
"../../../Engine/Content/EngineSky/SM_SkySphere.uasset" 171
"../../../Engine/Content/EngineSky/BP_Sky_Sphere.uasset" 172
"../../../../../../Users/macie_000/OneDrive/KUBA/Programowanko/GameDev/Text Games/BULL_and_COW/Bull_and_Cow/Content/ConsolasFont.uasset" 173
"../../../Engine/Content/Functions/Engine_MaterialFunctions02/Texturing/WorldPositionWithScale.uasset" 174
"../../../Engine/Content/Functions/Engine_MaterialFunctions02/Texturing/WorldPosition.uasset" 175
"../../../Engine/Content/Functions/Engine_MaterialFunctions03/Particles/Distance_Blend.uasset" 176
"../../../../../../Users/macie_000/OneDrive/KUBA/Programowanko/GameDev/Text Games/BULL_and_COW/Bull_and_Cow/Content/Environment/Textures/T_Wood_Sheet.uasset" 177
"../../../../../../Users/macie_000/OneDrive/KUBA/Programowanko/GameDev/Text Games/BULL_and_COW/Bull_and_Cow/Content/Environment/Materials/M_Wood_Sheet_Master.uasset" 178
"../../../../../../Users/macie_000/OneDrive/KUBA/Programowanko/GameDev/Text Games/BULL_and_COW/Bull_and_Cow/Content/Environment/Materials/MI_Wood_SignPost.uasset" 179
"../../../Engine/Content/BasicShapes/Cube.uasset" 180
"../../../../../../Users/macie_000/OneDrive/KUBA/Programowanko/GameDev/Text Games/BULL_and_COW/Bull_and_Cow/Content/Terminal.uasset" 181
"../../../../../../Users/macie_000/OneDrive/KUBA/Programowanko/GameDev/Text Games/BULL_and_COW/Bull_and_Cow/Content/Environment/Materials/Beach_LayerInfo.uasset" 182
"../../../../../../Users/macie_000/OneDrive/KUBA/Programowanko/GameDev/Text Games/BULL_and_COW/Bull_and_Cow/Content/Environment/Materials/Grass_LayerInfo.uasset" 183
"../../../../../../Users/macie_000/OneDrive/KUBA/Programowanko/GameDev/Text Games/BULL_and_COW/Bull_and_Cow/Content/Environment/Materials/Path_LayerInfo.uasset" 184
"../../../../../../Users/macie_000/OneDrive/KUBA/Programowanko/GameDev/Text Games/BULL_and_COW/Bull_and_Cow/Content/Levels/Level1_BuiltData.uasset" 185
"../../../Engine/Content/Functions/Engine_MaterialFunctions01/AlphaBlend/WorldAlignedBlend.uasset" 186
"../../../Engine/Content/Functions/Engine_MaterialFunctions01/AlphaBlend/World_Aligned_Blend.uasset" 187
"../../../Engine/Content/Functions/Engine_MaterialFunctions02/Fresnel_Function.uasset" 188
"../../../Engine/Content/Functions/Engine_MaterialFunctions02/Fresnel.uasset" 189
"../../../../../../Users/macie_000/OneDrive/KUBA/Programowanko/GameDev/Text Games/BULL_and_COW/Bull_and_Cow/Content/Environment/Textures/T_BrushStrokes_A.uasset" 190
"../../../../../../Users/macie_000/OneDrive/KUBA/Programowanko/GameDev/Text Games/BULL_and_COW/Bull_and_Cow/Content/Environment/Textures/T_BrushStrokes_B.uasset" 191
"../../../../../../Users/macie_000/OneDrive/KUBA/Programowanko/GameDev/Text Games/BULL_and_COW/Bull_and_Cow/Content/Environment/Textures/T_Bumpy_N.uasset" 192
"../../../../../../Users/macie_000/OneDrive/KUBA/Programowanko/GameDev/Text Games/BULL_and_COW/Bull_and_Cow/Content/Environment/Textures/T_Rock_Cliff_D.uasset" 193
"../../../../../../Users/macie_000/OneDrive/KUBA/Programowanko/GameDev/Text Games/BULL_and_COW/Bull_and_Cow/Content/Environment/Textures/T_ShapeNormal.uasset" 194
"../../../../../../Users/macie_000/OneDrive/KUBA/Programowanko/GameDev/Text Games/BULL_and_COW/Bull_and_Cow/Content/Environment/Textures/T_Splotches_A.uasset" 195
"../../../../../../Users/macie_000/OneDrive/KUBA/Programowanko/GameDev/Text Games/BULL_and_COW/Bull_and_Cow/Content/Environment/Materials/M_Terrain_Ground_A.uasset" 196
"../../../../../../Users/macie_000/OneDrive/KUBA/Programowanko/GameDev/Text Games/BULL_and_COW/Bull_and_Cow/Content/Environment/Materials/M_Terrain_Ground_A_Inst.uasset" 197
"../../../../../../Users/macie_000/OneDrive/KUBA/Programowanko/GameDev/Text Games/BULL_and_COW/Bull_and_Cow/Content/Environment/UnrealCow/Textures/T_Toy_Cow_M.uasset" 198
"../../../../../../Users/macie_000/OneDrive/KUBA/Programowanko/GameDev/Text Games/BULL_and_COW/Bull_and_Cow/Content/Environment/UnrealCow/Textures/T_Toy_Cow_N.uasset" 199
"../../../../../../Users/macie_000/OneDrive/KUBA/Programowanko/GameDev/Text Games/BULL_and_COW/Bull_and_Cow/Content/Environment/UnrealCow/Materials/M_Cow.uasset" 200
"../../../../../../Users/macie_000/OneDrive/KUBA/Programowanko/GameDev/Text Games/BULL_and_COW/Bull_and_Cow/Content/Environment/UnrealCow/Materials/MI_Cow.uasset" 201
"../../../Engine/Content/EngineMaterials/DefaultPhysicalMaterial.uasset" 202
"../../../Engine/Content/EngineMaterials/WeightMapPlaceholderTexture.uasset" 203
"../../../Engine/Content/MapTemplates/Sky/DaylightAmbientCubemap.uasset" 204
"../../../../../../Users/macie_000/OneDrive/KUBA/Programowanko/GameDev/Text Games/BULL_and_COW/Bull_and_Cow/Content/Environment/Materials/M_Wood_Sheet_Pillar_Inst.uasset" 205
"../../../../../../Users/macie_000/OneDrive/KUBA/Programowanko/GameDev/Text Games/BULL_and_COW/Bull_and_Cow/Content/Environment/Materials/M_Wood_Sheet_Rings_Inst.uasset" 206
"../../../../../../Users/macie_000/OneDrive/KUBA/Programowanko/GameDev/Text Games/BULL_and_COW/Bull_and_Cow/Content/Environment/Meshes/SM_Dock_Pillar.uasset" 207
"../../../../../../Users/macie_000/OneDrive/KUBA/Programowanko/GameDev/Text Games/BULL_and_COW/Bull_and_Cow/Content/Environment/Textures/T_Grass_A.uasset" 208
"../../../../../../Users/macie_000/OneDrive/KUBA/Programowanko/GameDev/Text Games/BULL_and_COW/Bull_and_Cow/Content/Environment/Materials/M_Grass_Masked.uasset" 209
"../../../../../../Users/macie_000/OneDrive/KUBA/Programowanko/GameDev/Text Games/BULL_and_COW/Bull_and_Cow/Content/Environment/Materials/M_Grass_Masked_E_Inst.uasset" 210
"../../../../../../Users/macie_000/OneDrive/KUBA/Programowanko/GameDev/Text Games/BULL_and_COW/Bull_and_Cow/Content/Environment/Meshes/SM_Grass_05.uasset" 211
"../../../../../../Users/macie_000/OneDrive/KUBA/Programowanko/GameDev/Text Games/BULL_and_COW/Bull_and_Cow/Content/Environment/Materials/M_Stone_Path.uasset" 212
"../../../../../../Users/macie_000/OneDrive/KUBA/Programowanko/GameDev/Text Games/BULL_and_COW/Bull_and_Cow/Content/Environment/Materials/M_Stone_Path_Inst.uasset" 213
"../../../../../../Users/macie_000/OneDrive/KUBA/Programowanko/GameDev/Text Games/BULL_and_COW/Bull_and_Cow/Content/Environment/Meshes/SM_Stone_Path_B.uasset" 214
"../../../../../../Users/macie_000/OneDrive/KUBA/Programowanko/GameDev/Text Games/BULL_and_COW/Bull_and_Cow/Content/Environment/Materials/M_Tree_Background.uasset" 215
"../../../../../../Users/macie_000/OneDrive/KUBA/Programowanko/GameDev/Text Games/BULL_and_COW/Bull_and_Cow/Content/Environment/Materials/M_Tree_Background_Inst.uasset" 216
"../../../../../../Users/macie_000/OneDrive/KUBA/Programowanko/GameDev/Text Games/BULL_and_COW/Bull_and_Cow/Content/Environment/Materials/M_Tree_Bark_A.uasset" 217
"../../../../../../Users/macie_000/OneDrive/KUBA/Programowanko/GameDev/Text Games/BULL_and_COW/Bull_and_Cow/Content/Environment/Materials/M_Tree_Bark_A_Inst.uasset" 218
"../../../../../../Users/macie_000/OneDrive/KUBA/Programowanko/GameDev/Text Games/BULL_and_COW/Bull_and_Cow/Content/Environment/Meshes/SM_Tree_Cluster_A.uasset" 219
"../../../../../../Users/macie_000/OneDrive/KUBA/Programowanko/GameDev/Text Games/BULL_and_COW/Bull_and_Cow/Content/Environment/Materials/M_Tree_Type_B_Bark.uasset" 220
"../../../../../../Users/macie_000/OneDrive/KUBA/Programowanko/GameDev/Text Games/BULL_and_COW/Bull_and_Cow/Content/Environment/Materials/M_Tree_Type_B_Bark_Inst.uasset" 221
"../../../../../../Users/macie_000/OneDrive/KUBA/Programowanko/GameDev/Text Games/BULL_and_COW/Bull_and_Cow/Content/Environment/Meshes/SM_Tree_Type_B.uasset" 222
"../../../Engine/Content/Functions/Engine_MaterialFunctions02/Texturing/ScreenAlignedPixelToPixelUVs.uasset" 223
"../../../Engine/Content/EngineMaterials/Good64x64TilingNoiseHighFreq.uasset" 224
"../../../Engine/Content/Functions/Engine_MaterialFunctions02/Utility/DitherTemporalAA.uasset" 225
"../../../../../../Users/macie_000/OneDrive/KUBA/Programowanko/GameDev/Text Games/BULL_and_COW/Bull_and_Cow/Content/Environment/Materials/M_Tree_Leaf_Base.uasset" 226
"../../../../../../Users/macie_000/OneDrive/KUBA/Programowanko/GameDev/Text Games/BULL_and_COW/Bull_and_Cow/Content/Environment/Materials/M_Tree_Leaf_Base_Inst.uasset" 227
"../../../../../../Users/macie_000/OneDrive/KUBA/Programowanko/GameDev/Text Games/BULL_and_COW/Bull_and_Cow/Content/Environment/Materials/M_Tree_Leaf_Base_Solid.uasset" 228
"../../../../../../Users/macie_000/OneDrive/KUBA/Programowanko/GameDev/Text Games/BULL_and_COW/Bull_and_Cow/Content/Environment/Materials/M_Tree_Leaf_Base_Solid_Inst.uasset" 229
"../../../../../../Users/macie_000/OneDrive/KUBA/Programowanko/GameDev/Text Games/BULL_and_COW/Bull_and_Cow/Content/Environment/Meshes/SM_Tree_Type_B_Leaves.uasset" 230
"../../../../../../Users/macie_000/OneDrive/KUBA/Programowanko/GameDev/Text Games/BULL_and_COW/Bull_and_Cow/Content/Environment/Materials/M_Wood_Sheet_Fence_Inst.uasset" 231
"../../../../../../Users/macie_000/OneDrive/KUBA/Programowanko/GameDev/Text Games/BULL_and_COW/Bull_and_Cow/Content/Environment/Meshes/SM_Wood_Fence.uasset" 232
"../../../../../../Users/macie_000/OneDrive/KUBA/Programowanko/GameDev/Text Games/BULL_and_COW/Bull_and_Cow/Content/Environment/UnrealCow/Meshes/SM_Toy_Cow.uasset" 233
"../../../../../../Users/macie_000/OneDrive/KUBA/Programowanko/GameDev/Text Games/BULL_and_COW/Bull_and_Cow/Content/Levels/Level1.umap" 234
"../../../Engine/Content/Maps/Entry_BuiltData.uasset" 235
"../../../Engine/Content/Maps/Entry.umap" 236
